<?xml version="1.0" encoding="UTF-8"?>
<!-- Generated by org.testng.reporters.JUnitReportReporter -->
<testsuite skipped="0" hostname="Bhagyawants-MacBook-Pro.local" name="testcases.PreferenceDemo" tests="1" failures="0" timestamp="2020-04-02T19:05:52 IST" time="20.920" errors="0">
  <testcase name="apiDemoTest" time="20.920" classname="testcases.PreferenceDemo"/>
</testsuite> <!-- testcases.PreferenceDemo -->
