<?xml version="1.0" encoding="UTF-8"?>
<!-- Generated by org.testng.reporters.JUnitReportReporter -->
<testsuite skipped="0" hostname="Bhagyawants-MacBook-Pro.local" name="testcases.dragAndDrop" tests="1" failures="0" timestamp="2020-03-28T20:55:45 IST" time="24.176" errors="0">
  <testcase name="apiDemoTest" time="24.176" classname="testcases.dragAndDrop"/>
</testsuite> <!-- testcases.dragAndDrop -->
