<?xml version="1.0" encoding="UTF-8"?>
<!-- Generated by org.testng.reporters.JUnitReportReporter -->
<testsuite skipped="0" hostname="Bhagyawants-MacBook-Pro.local" name="testcases.accessbalityDemo" tests="1" failures="0" timestamp="2020-03-26T20:36:30 IST" time="27.994" errors="0">
  <testcase name="accessbalityDemoTest" time="27.994" classname="testcases.accessbalityDemo"/>
</testsuite> <!-- testcases.accessbalityDemo -->
