<?xml version="1.0" encoding="UTF-8"?>
<!-- Generated by org.testng.reporters.JUnitReportReporter -->
<testsuite skipped="0" hostname="Bhagyawants-MacBook-Pro.local" name="testcases.AccessbalityDemo" tests="1" failures="0" timestamp="2020-04-02T19:05:52 IST" time="20.864" errors="0">
  <testcase name="accessbalityDemoTest" time="20.864" classname="testcases.AccessbalityDemo"/>
</testsuite> <!-- testcases.AccessbalityDemo -->
