<?xml version="1.0" encoding="UTF-8"?>
<!-- Generated by org.testng.reporters.JUnitReportReporter -->
<testsuite skipped="0" hostname="Bhagyawants-MacBook-Pro.local" name="testcases.ApiDemoTest" tests="1" failures="0" timestamp="2020-03-22T11:42:20 IST" time="21.180" errors="0">
  <testcase name="apiDemoTest" time="21.180" classname="testcases.ApiDemoTest"/>
</testsuite> <!-- testcases.ApiDemoTest -->
