<?xml version="1.0" encoding="UTF-8"?>
<!-- Generated by org.testng.reporters.JUnitReportReporter -->
<testsuite skipped="0" hostname="Bhagyawants-MacBook-Pro.local" name="Appium.AppiumDemoProject.AppTest" tests="1" failures="0" timestamp="2020-03-18T18:01:24 IST" time="0.021" errors="0">
  <testcase name="testApp" time="0.021" classname="Appium.AppiumDemoProject.AppTest"/>
</testsuite> <!-- Appium.AppiumDemoProject.AppTest -->
