<?xml version="1.0" encoding="UTF-8"?>
<!-- Generated by org.testng.reporters.JUnitReportReporter -->
<testsuite skipped="0" hostname="Bhagyawants-MacBook-Pro.local" name="testcases.PreferenceDemo" tests="1" failures="0" timestamp="2020-03-31T10:43:37 IST" time="22.259" errors="0">
  <testcase name="apiDemoTest" time="22.259" classname="testcases.PreferenceDemo"/>
</testsuite> <!-- testcases.PreferenceDemo -->
